<?xml version="1.0" encoding="UTF-8"?>
<testng-results skipped="0" failed="0" total="1" passed="1">
  <reporter-output>
  </reporter-output>
  <suite name="Command line suite" duration-ms="52" started-at="2017-06-28T10:21:38Z" finished-at="2017-06-28T10:21:38Z">
    <groups>
    </groups>
    <test name="Command line test" duration-ms="52" started-at="2017-06-28T10:21:38Z" finished-at="2017-06-28T10:21:38Z">
      <class name="com.firstMavenPackage.AppTest">
        <test-method status="PASS" signature="testApp()[pri:0, instance:testApp(com.firstMavenPackage.AppTest)]" name="testApp" duration-ms="2" started-at="2017-06-28T15:51:38Z" finished-at="2017-06-28T15:51:38Z">
          <reporter-output>
          </reporter-output>
        </test-method> <!-- testApp -->
      </class> <!-- com.firstMavenPackage.AppTest -->
    </test> <!-- Command line test -->
  </suite> <!-- Command line suite -->
</testng-results>
